<?xml version="1.0" encoding="UTF-8"?>
<testng-results ignored="0" total="1" passed="1" failed="0" skipped="0">
  <reporter-output>
    <line>
      <![CDATA[[ ACC22974 ] org_1838 - Organization Information]]>
    </line>
  </reporter-output>
  <suite started-at="2025-06-20T11:32:25 IST" name="Suite" finished-at="2025-06-20T11:32:49 IST" duration-ms="24116">
    <groups>
      <group name="RegressionTest">
        <method signature="Create_Org_With_Type_And_IndustryTest.orgWithTypeAndIndustry()[pri:0, instance:com.comcast.crm.orgtest.Create_Org_With_Type_And_IndustryTest@750e2b97]" name="orgWithTypeAndIndustry" class="com.comcast.crm.orgtest.Create_Org_With_Type_And_IndustryTest"/>
      </group> <!-- RegressionTest -->
    </groups>
    <test started-at="2025-06-20T11:32:25 IST" name="Test" finished-at="2025-06-20T11:32:49 IST" duration-ms="24116">
      <class name="com.comcast.crm.orgtest.Create_Org_With_Type_And_IndustryTest">
        <test-method is-config="true" signature="configBC()[pri:0, instance:com.comcast.crm.orgtest.Create_Org_With_Type_And_IndustryTest@750e2b97]" started-at="2025-06-20T11:32:25 IST" name="configBC" finished-at="2025-06-20T11:32:29 IST" duration-ms="3852" status="PASS">
          <reporter-output>
          </reporter-output>
        </test-method> <!-- configBC -->
        <test-method is-config="true" signature="configBM()[pri:0, instance:com.comcast.crm.orgtest.Create_Org_With_Type_And_IndustryTest@750e2b97]" started-at="2025-06-20T11:32:29 IST" name="configBM" finished-at="2025-06-20T11:32:32 IST" duration-ms="3112" status="PASS">
          <reporter-output>
          </reporter-output>
        </test-method> <!-- configBM -->
        <test-method signature="orgWithTypeAndIndustry()[pri:0, instance:com.comcast.crm.orgtest.Create_Org_With_Type_And_IndustryTest@750e2b97]" started-at="2025-06-20T11:32:32 IST" name="orgWithTypeAndIndustry" finished-at="2025-06-20T11:32:47 IST" duration-ms="14644" status="PASS">
          <reporter-output>
            <line>
              <![CDATA[[ ACC22974 ] org_1838 - Organization Information]]>
            </line>
          </reporter-output>
        </test-method> <!-- orgWithTypeAndIndustry -->
        <test-method is-config="true" signature="configAM()[pri:0, instance:com.comcast.crm.orgtest.Create_Org_With_Type_And_IndustryTest@750e2b97]" started-at="2025-06-20T11:32:47 IST" name="configAM" finished-at="2025-06-20T11:32:48 IST" duration-ms="1142" status="PASS">
          <reporter-output>
          </reporter-output>
        </test-method> <!-- configAM -->
        <test-method is-config="true" signature="configAC()[pri:0, instance:com.comcast.crm.orgtest.Create_Org_With_Type_And_IndustryTest@750e2b97]" started-at="2025-06-20T11:32:48 IST" name="configAC" finished-at="2025-06-20T11:32:49 IST" duration-ms="1290" status="PASS">
          <reporter-output>
          </reporter-output>
        </test-method> <!-- configAC -->
      </class> <!-- com.comcast.crm.orgtest.Create_Org_With_Type_And_IndustryTest -->
    </test> <!-- Test -->
  </suite> <!-- Suite -->
</testng-results>
